[0710/140749:ERROR:renderer_main.cc(203)] Running without renderer sandbox
[0710/140750:ERROR:child_discardable_shared_memory_manager.cc(266)] size: 4194304
[0710/140750:ERROR:child_discardable_shared_memory_manager.cc(266)] size: 4194304
[0710/140750:ERROR:child_discardable_shared_memory_manager.cc(266)] size: 4194304
[0710/140750:INFO:CONSOLE(15)] "1499666821", source: https://s3b.pstatp.com/growth/mobile_detail/js/wap_1-53-1f133664dc26dcb.js (15)
[0710/140750:INFO:CONSOLE(86)] "m.toutiao.com", source:  (86)
[0710/140750:INFO:CONSOLE(458)] "null", source:  (458)
[0710/140750:INFO:CONSOLE(7)] "article purify time:%sms", source: https://s3b.pstatp.com/growth/mobile_detail/js/wap_1-53-1f133664dc26dcb.js (7)
[0710/140751:INFO:CONSOLE(0)] "Mixed Content: The page at 'https://m.toutiao.com/i6439296433970479617/' was loaded over HTTPS, but requested an insecure image 'http://p3.pstatp.com/list/1bfa00104472d0600be7'. This content should also be served over HTTPS.", source: https://m.toutiao.com/i6439296433970479617/ (0)
[0710/140751:INFO:CONSOLE(0)] "Mixed Content: The page at 'https://m.toutiao.com/i6439296433970479617/' was loaded over HTTPS, but requested an insecure image 'http://p3.pstatp.com/list/150d00148b50cb71ad27'. This content should also be served over HTTPS.", source: https://m.toutiao.com/i6439296433970479617/ (0)
[0710/140751:INFO:CONSOLE(0)] "Mixed Content: The page at 'https://m.toutiao.com/i6439296433970479617/' was loaded over HTTPS, but requested an insecure image 'http://p1.pstatp.com/list/1c620005b0ad3e5441a7'. This content should also be served over HTTPS.", source: https://m.toutiao.com/i6439296433970479617/ (0)
[0710/140751:INFO:CONSOLE(0)] "Mixed Content: The page at 'https://m.toutiao.com/i6439296433970479617/' was loaded over HTTPS, but requested an insecure image 'http://p3.pstatp.com/list/1bfa00104472d0600be7'. This content should also be served over HTTPS.", source: https://m.toutiao.com/i6439296433970479617/ (0)
[0710/140751:INFO:CONSOLE(86)] "m.toutiao.com", source:  (86)
[0710/140751:INFO:CONSOLE(458)] "toutiao_article", source:  (458)
[0710/140751:INFO:CONSOLE(0)] "Mixed Content: The page at 'https://m.toutiao.com/i6439296433970479617/' was loaded over HTTPS, but requested an insecure image 'http://p1.pstatp.com/list/1538000184bba77107a2'. This content should also be served over HTTPS.", source: https://m.toutiao.com/i6439296433970479617/ (0)
[0710/140751:INFO:CONSOLE(0)] "Mixed Content: The page at 'https://m.toutiao.com/i6439296433970479617/' was loaded over HTTPS, but requested an insecure image 'http://p3.pstatp.com/list/15350004299e1ad53f29'. This content should also be served over HTTPS.", source: https://m.toutiao.com/i6439296433970479617/ (0)
[0710/140751:INFO:CONSOLE(0)] "Mixed Content: The page at 'https://m.toutiao.com/i6439296433970479617/' was loaded over HTTPS, but requested an insecure image 'http://p1.pstatp.com/list/1535000429b07d8dec94'. This content should also be served over HTTPS.", source: https://m.toutiao.com/i6439296433970479617/ (0)
[0710/140751:INFO:CONSOLE(0)] "Mixed Content: The page at 'https://m.toutiao.com/i6439296433970479617/' was loaded over HTTPS, but requested an insecure image 'http://p3.pstatp.com/list/243100004f43a77dc915'. This content should also be served over HTTPS.", source: https://m.toutiao.com/i6439296433970479617/ (0)
[0710/140751:INFO:CONSOLE(0)] "Mixed Content: The page at 'https://m.toutiao.com/i6439296433970479617/' was loaded over HTTPS, but requested an insecure image 'http://p1.pstatp.com/list/242e0003d610e93c4cfd'. This content should also be served over HTTPS.", source: https://m.toutiao.com/i6439296433970479617/ (0)
[0710/140751:INFO:CONSOLE(0)] "Mixed Content: The page at 'https://m.toutiao.com/i6439296433970479617/' was loaded over HTTPS, but requested an insecure image 'http://p3.pstatp.com/list/242b0005e0475220f37c'. This content should also be served over HTTPS.", source: https://m.toutiao.com/i6439296433970479617/ (0)
[0710/140751:INFO:CONSOLE(0)] "Mixed Content: The page at 'https://m.toutiao.com/i6439296433970479617/' was loaded over HTTPS, but requested an insecure image 'http://p1.pstatp.com/list/1863000e1e28965a7599'. This content should also be served over HTTPS.", source: https://m.toutiao.com/i6439296433970479617/ (0)
[0710/140751:INFO:CONSOLE(0)] "Mixed Content: The page at 'https://m.toutiao.com/i6439296433970479617/' was loaded over HTTPS, but requested an insecure image 'http://p3.pstatp.com/list/150e0017799057029be8'. This content should also be served over HTTPS.", source: https://m.toutiao.com/i6439296433970479617/ (0)
[0710/140751:INFO:CONSOLE(0)] "Mixed Content: The page at 'https://m.toutiao.com/i6439296433970479617/' was loaded over HTTPS, but requested an insecure image 'http://p1.pstatp.com/list/150d00177185501241cf'. This content should also be served over HTTPS.", source: https://m.toutiao.com/i6439296433970479617/ (0)
[0710/140751:INFO:CONSOLE(0)] "Mixed Content: The page at 'https://m.toutiao.com/i6439296433970479617/' was loaded over HTTPS, but requested an insecure image 'http://p1.pstatp.com/list/16ab000583c030660aa1'. This content should also be served over HTTPS.", source: https://m.toutiao.com/i6439296433970479617/ (0)
[0710/140751:INFO:CONSOLE(0)] "Mixed Content: The page at 'https://m.toutiao.com/i6439296433970479617/' was loaded over HTTPS, but requested an insecure image 'http://p1.pstatp.com/list/17ee00009cff84869e95'. This content should also be served over HTTPS.", source: https://m.toutiao.com/i6439296433970479617/ (0)
[0710/140751:INFO:CONSOLE(0)] "Mixed Content: The page at 'https://m.toutiao.com/i6439296433970479617/' was loaded over HTTPS, but requested an insecure image 'http://p3.pstatp.com/list/17ee00009d649668d51d'. This content should also be served over HTTPS.", source: https://m.toutiao.com/i6439296433970479617/ (0)
[0710/140751:INFO:CONSOLE(0)] "Mixed Content: The page at 'https://m.toutiao.com/i6439296433970479617/' was loaded over HTTPS, but requested an insecure image 'http://p3.pstatp.com/list/16d000076976f21e5848'. This content should also be served over HTTPS.", source: https://m.toutiao.com/i6439296433970479617/ (0)
[0710/140751:INFO:CONSOLE(0)] "Mixed Content: The page at 'https://m.toutiao.com/i6439296433970479617/' was loaded over HTTPS, but requested an insecure image 'http://p9.pstatp.com/list/18a20014cfeb645fc517'. This content should also be served over HTTPS.", source: https://m.toutiao.com/i6439296433970479617/ (0)
[0710/140751:INFO:CONSOLE(0)] "Mixed Content: The page at 'https://m.toutiao.com/i6439296433970479617/' was loaded over HTTPS, but requested an insecure image 'http://p1.pstatp.com/list/18a30014e88c5d653c81'. This content should also be served over HTTPS.", source: https://m.toutiao.com/i6439296433970479617/ (0)
[0710/140751:INFO:CONSOLE(0)] "Mixed Content: The page at 'https://m.toutiao.com/i6439296433970479617/' was loaded over HTTPS, but requested an insecure image 'http://p3.pstatp.com/list/18a10014dec71a7c4c2b'. This content should also be served over HTTPS.", source: https://m.toutiao.com/i6439296433970479617/ (0)
[0710/140751:INFO:CONSOLE(0)] "Mixed Content: The page at 'https://m.toutiao.com/i6439296433970479617/' was loaded over HTTPS, but requested an insecure image 'http://p3.pstatp.com/list/18a50002290c5b27c796'. This content should also be served over HTTPS.", source: https://m.toutiao.com/i6439296433970479617/ (0)
[0710/140751:INFO:CONSOLE(0)] "Mixed Content: The page at 'https://m.toutiao.com/i6439296433970479617/' was loaded over HTTPS, but requested an insecure image 'http://p3.pstatp.com/list/1782000f1772871cc7d1'. This content should also be served over HTTPS.", source: https://m.toutiao.com/i6439296433970479617/ (0)
[0710/140751:INFO:CONSOLE(0)] "Mixed Content: The page at 'https://m.toutiao.com/i6439296433970479617/' was loaded over HTTPS, but requested an insecure image 'http://p3.pstatp.com/list/18a300023ef1b01bf91f'. This content should also be served over HTTPS.", source: https://m.toutiao.com/i6439296433970479617/ (0)
[0710/140751:INFO:CONSOLE(0)] "Mixed Content: The page at 'https://m.toutiao.com/i6439296433970479617/' was loaded over HTTPS, but requested an insecure image 'http://p1.pstatp.com/list/16ab00002c66e8240a5c'. This content should also be served over HTTPS.", source: https://m.toutiao.com/i6439296433970479617/ (0)
[0710/140751:INFO:CONSOLE(0)] "Mixed Content: The page at 'https://m.toutiao.com/i6439296433970479617/' was loaded over HTTPS, but requested an insecure image 'http://p3.pstatp.com/list/16ab00002c68f5d20f5c'. This content should also be served over HTTPS.", source: https://m.toutiao.com/i6439296433970479617/ (0)
[0710/140751:INFO:CONSOLE(0)] "Mixed Content: The page at 'https://m.toutiao.com/i6439296433970479617/' was loaded over HTTPS, but requested an insecure image 'http://p1.pstatp.com/list/150d00121d7972530b75'. This content should also be served over HTTPS.", source: https://m.toutiao.com/i6439296433970479617/ (0)
[0710/140751:INFO:CONSOLE(0)] "Mixed Content: The page at 'https://m.toutiao.com/i6439296433970479617/' was loaded over HTTPS, but requested an insecure image 'http://p1.pstatp.com/list/2a3c00005a6cdde140ce'. This content should also be served over HTTPS.", source: https://m.toutiao.com/i6439296433970479617/ (0)
[0710/140751:INFO:CONSOLE(0)] "Mixed Content: The page at 'https://m.toutiao.com/i6439296433970479617/' was loaded over HTTPS, but requested an insecure image 'http://p3.pstatp.com/list/2a3c00005e8be9659daa'. This content should also be served over HTTPS.", source: https://m.toutiao.com/i6439296433970479617/ (0)
[0710/140751:INFO:CONSOLE(0)] "Mixed Content: The page at 'https://m.toutiao.com/i6439296433970479617/' was loaded over HTTPS, but requested an insecure image 'http://p3.pstatp.com/list/2a380002f9275ffc49f8'. This content should also be served over HTTPS.", source: https://m.toutiao.com/i6439296433970479617/ (0)
[0710/140751:INFO:CONSOLE(0)] "Mixed Content: The page at 'https://m.toutiao.com/i6439296433970479617/' was loaded over HTTPS, but requested an insecure image 'http://p9.pstatp.com/list/150d00147fad77c343d4'. This content should also be served over HTTPS.", source: https://m.toutiao.com/i6439296433970479617/ (0)
[0710/140751:INFO:CONSOLE(0)] "Mixed Content: The page at 'https://m.toutiao.com/i6439296433970479617/' was loaded over HTTPS, but requested an insecure image 'http://p3.pstatp.com/list/150c0009632b01cf5b1d'. This content should also be served over HTTPS.", source: https://m.toutiao.com/i6439296433970479617/ (0)
[0710/140751:INFO:CONSOLE(0)] "Mixed Content: The page at 'https://m.toutiao.com/i6439296433970479617/' was loaded over HTTPS, but requested an insecure image 'http://p1.pstatp.com/list/150d00147fa85a1670ef'. This content should also be served over HTTPS.", source: https://m.toutiao.com/i6439296433970479617/ (0)
[0710/140751:INFO:CONSOLE(0)] "Mixed Content: The page at 'https://m.toutiao.com/i6439296433970479617/' was loaded over HTTPS, but requested an insecure image 'http://p1.pstatp.com/video1609/2c230000d6edd95e493d'. This content should also be served over HTTPS.", source: https://m.toutiao.com/i6439296433970479617/ (0)
[0710/140751:INFO:CONSOLE(0)] "Mixed Content: The page at 'https://m.toutiao.com/i6439296433970479617/' was loaded over HTTPS, but requested an insecure image 'http://p1.pstatp.com/origin/2e76000dc00998528ca8'. This content should also be served over HTTPS.", source: https://m.toutiao.com/i6439296433970479617/ (0)
